#
# There is insufficient memory for the Java Runtime Environment to continue.
# Native memory allocation (malloc) failed to allocate 2408224 bytes for Chunk::new
# Possible reasons:
#   The system is out of physical RAM or swap space
#   The process is running with CompressedOops enabled, and the Java Heap may be blocking the growth of the native heap
# Possible solutions:
#   Reduce memory load on the system
#   Increase physical memory or swap space
#   Check if swap backing store is full
#   Decrease Java heap size (-Xmx/-Xms)
#   Decrease number of Java threads
#   Decrease Java thread stack sizes (-Xss)
#   Set larger code cache with -XX:ReservedCodeCacheSize=
#   JVM is running with Zero Based Compressed Oops mode in which the Java heap is
#     placed in the first 32GB address space. The Java Heap base address is the
#     maximum limit for the native heap growth. Please use -XX:HeapBaseMinAddress
#     to set the Java Heap base and to place the Java Heap above 32GB virtual address.
# This output file may be truncated or incomplete.
#
#  Out of Memory Error (arena.cpp:189), pid=30320, tid=11756
#
# JRE version: Java(TM) SE Runtime Environment (17.0.7+8) (build 17.0.7+8-LTS-224)
# Java VM: Java HotSpot(TM) 64-Bit Server VM (17.0.7+8-LTS-224, mixed mode, sharing, tiered, compressed oops, compressed class ptrs, g1 gc, windows-amd64)
# No core dump will be written. Minidumps are not enabled by default on client versions of Windows
#

---------------  S U M M A R Y ------------

Command Line: -javaagent:C:\Program Files\JetBrains\IntelliJ IDEA Community Edition 2024.1.4\lib\idea_rt.jar=65016:C:\Program Files\JetBrains\IntelliJ IDEA Community Edition 2024.1.4\bin -Dfile.encoding=UTF-8 com.ucamp.movieus.MovieusApplication

Host: 12th Gen Intel(R) Core(TM) i5-1240P, 16 cores, 15G,  Windows 11 , 64 bit Build 22621 (10.0.22621.3958)
Time: Tue Nov  5 16:51:47 2024  Windows 11 , 64 bit Build 22621 (10.0.22621.3958) elapsed time: 83.060539 seconds (0d 0h 1m 23s)

---------------  T H R E A D  ---------------

Current thread (0x0000022593b41ad0):  JavaThread "C2 CompilerThread1" daemon [_thread_in_native, id=11756, stack(0x0000005ead600000,0x0000005ead700000)]


Current CompileTask:
C2:  83060 11627   !   4       org.hibernate.sql.results.spi.ListResultsConsumer::consume (751 bytes)

Stack: [0x0000005ead600000,0x0000005ead700000]
Native frames: (J=compiled Java code, j=interpreted, Vv=VM code, C=native code)
V  [jvm.dll+0x676a4a]
V  [jvm.dll+0x7d74f4]
V  [jvm.dll+0x7d8c9e]
V  [jvm.dll+0x7d9303]
V  [jvm.dll+0x2452c5]
V  [jvm.dll+0xaaa2b]
V  [jvm.dll+0xaafcc]
V  [jvm.dll+0x36141e]
V  [jvm.dll+0x1bb36a]
V  [jvm.dll+0x217c27]
V  [jvm.dll+0x216f01]
V  [jvm.dll+0x1a35e0]
V  [jvm.dll+0x226a6e]
V  [jvm.dll+0x224e15]
V  [jvm.dll+0x78d05c]
V  [jvm.dll+0x78759a]
V  [jvm.dll+0x675875]
C  [ucrtbase.dll+0x29333]
C  [KERNEL32.DLL+0x1257d]
C  [ntdll.dll+0x5af08]


---------------  P R O C E S S  ---------------

Threads class SMR info:
_java_thread_list=0x0000022595da1af0, length=37, elements={
0x0000022592802560, 0x00000225928031d0, 0x0000022592816040, 0x0000022592816900,
0x0000022592817ad0, 0x0000022592818480, 0x0000022592819620, 0x00000225928255d0,
0x000002259282d400, 0x0000022592924da0, 0x0000022592f4e000, 0x0000022592d16e80,
0x00000225937a0c40, 0x00000225937a2920, 0x00000225937a1ab0, 0x00000225937a3790,
0x00000225937a32c0, 0x000002259aeeb8d0, 0x000002259aee70a0, 0x000002259aeec270,
0x000002259aee9250, 0x000002259aee5890, 0x000002259aeea0c0, 0x000002259aee7f10,
0x000002259aeeaa60, 0x000002259aee88b0, 0x000002259aee83e0, 0x000002259aee9720,
0x000002259aee7570, 0x000002259aeeaf30, 0x000002259aeecc10, 0x000002259aeeb400,
0x0000022593b41ad0, 0x0000022593b41fe0, 0x00000225935b6660, 0x00000225935b6b70,
0x00000225935b42f0
}

Java Threads: ( => current thread )
  0x0000022592802560 JavaThread "Reference Handler" daemon [_thread_blocked, id=23176, stack(0x0000005eae000000,0x0000005eae100000)]
  0x00000225928031d0 JavaThread "Finalizer" daemon [_thread_blocked, id=28512, stack(0x0000005eae100000,0x0000005eae200000)]
  0x0000022592816040 JavaThread "Signal Dispatcher" daemon [_thread_blocked, id=3092, stack(0x0000005eae200000,0x0000005eae300000)]
  0x0000022592816900 JavaThread "Attach Listener" daemon [_thread_blocked, id=23516, stack(0x0000005eae300000,0x0000005eae400000)]
  0x0000022592817ad0 JavaThread "Service Thread" daemon [_thread_blocked, id=29416, stack(0x0000005eae400000,0x0000005eae500000)]
  0x0000022592818480 JavaThread "Monitor Deflation Thread" daemon [_thread_blocked, id=14772, stack(0x0000005eae500000,0x0000005eae600000)]
  0x0000022592819620 JavaThread "C2 CompilerThread0" daemon [_thread_in_native, id=14628, stack(0x0000005eae600000,0x0000005eae700000)]
  0x00000225928255d0 JavaThread "C1 CompilerThread0" daemon [_thread_blocked, id=15032, stack(0x0000005eae700000,0x0000005eae800000)]
  0x000002259282d400 JavaThread "Sweeper thread" daemon [_thread_blocked, id=11796, stack(0x0000005eae800000,0x0000005eae900000)]
  0x0000022592924da0 JavaThread "Common-Cleaner" daemon [_thread_blocked, id=28636, stack(0x0000005eae900000,0x0000005eaea00000)]
  0x0000022592f4e000 JavaThread "Monitor Ctrl-Break" daemon [_thread_in_native, id=28108, stack(0x0000005eaee00000,0x0000005eaef00000)]
  0x0000022592d16e80 JavaThread "Notification Thread" daemon [_thread_blocked, id=33452, stack(0x0000005eaef00000,0x0000005eaf000000)]
  0x00000225937a0c40 JavaThread "mysql-cj-abandoned-connection-cleanup" daemon [_thread_blocked, id=2280, stack(0x0000005eb0500000,0x0000005eb0600000)]
  0x00000225937a2920 JavaThread "HikariPool-1 housekeeper" daemon [_thread_blocked, id=22008, stack(0x0000005eb0400000,0x0000005eb0500000)]
  0x00000225937a1ab0 JavaThread "Catalina-utility-1" [_thread_blocked, id=25088, stack(0x0000005eb0800000,0x0000005eb0900000)]
  0x00000225937a3790 JavaThread "Catalina-utility-2" [_thread_blocked, id=10728, stack(0x0000005eb0900000,0x0000005eb0a00000)]
  0x00000225937a32c0 JavaThread "container-0" [_thread_blocked, id=23384, stack(0x0000005eb0a00000,0x0000005eb0b00000)]
  0x000002259aeeb8d0 JavaThread "File Watcher" daemon [_thread_blocked, id=27296, stack(0x0000005eb0700000,0x0000005eb0800000)]
  0x000002259aee70a0 JavaThread "Live Reload Server" daemon [_thread_in_native, id=23376, stack(0x0000005eb0d00000,0x0000005eb0e00000)]
  0x000002259aeec270 JavaThread "http-nio-8080-exec-1" daemon [_thread_blocked, id=812, stack(0x0000005eb0b00000,0x0000005eb0c00000)]
  0x000002259aee9250 JavaThread "http-nio-8080-exec-2" daemon [_thread_blocked, id=16168, stack(0x0000005eb0e00000,0x0000005eb0f00000)]
  0x000002259aee5890 JavaThread "http-nio-8080-exec-3" daemon [_thread_blocked, id=7560, stack(0x0000005eb0f00000,0x0000005eb1000000)]
  0x000002259aeea0c0 JavaThread "http-nio-8080-exec-4" daemon [_thread_blocked, id=29660, stack(0x0000005eb1000000,0x0000005eb1100000)]
  0x000002259aee7f10 JavaThread "http-nio-8080-exec-5" daemon [_thread_blocked, id=4572, stack(0x0000005eb1100000,0x0000005eb1200000)]
  0x000002259aeeaa60 JavaThread "http-nio-8080-exec-6" daemon [_thread_blocked, id=24164, stack(0x0000005eb1200000,0x0000005eb1300000)]
  0x000002259aee88b0 JavaThread "http-nio-8080-exec-7" daemon [_thread_blocked, id=29028, stack(0x0000005eb1300000,0x0000005eb1400000)]
  0x000002259aee83e0 JavaThread "http-nio-8080-exec-8" daemon [_thread_blocked, id=19280, stack(0x0000005eb1400000,0x0000005eb1500000)]
  0x000002259aee9720 JavaThread "http-nio-8080-exec-9" daemon [_thread_blocked, id=29152, stack(0x0000005eb1500000,0x0000005eb1600000)]
  0x000002259aee7570 JavaThread "http-nio-8080-exec-10" daemon [_thread_blocked, id=32484, stack(0x0000005eb1600000,0x0000005eb1700000)]
  0x000002259aeeaf30 JavaThread "http-nio-8080-Poller" daemon [_thread_in_native, id=28256, stack(0x0000005eb1700000,0x0000005eb1800000)]
  0x000002259aeecc10 JavaThread "http-nio-8080-Acceptor" daemon [_thread_in_native, id=30828, stack(0x0000005eb1800000,0x0000005eb1900000)]
  0x000002259aeeb400 JavaThread "DestroyJavaVM" [_thread_blocked, id=10916, stack(0x0000005ead900000,0x0000005eada00000)]
=>0x0000022593b41ad0 JavaThread "C2 CompilerThread1" daemon [_thread_in_native, id=11756, stack(0x0000005ead600000,0x0000005ead700000)]
  0x0000022593b41fe0 JavaThread "C2 CompilerThread2" daemon [_thread_in_native, id=17656, stack(0x0000005ead700000,0x0000005ead800000)]
  0x00000225935b6660 JavaThread "C1 CompilerThread1" daemon [_thread_blocked, id=32580, stack(0x0000005ead800000,0x0000005ead900000)]
  0x00000225935b6b70 JavaThread "C2 CompilerThread3" daemon [_thread_in_native, id=29192, stack(0x0000005eaec00000,0x0000005eaed00000)]
  0x00000225935b42f0 JavaThread "C2 CompilerThread4" daemon [_thread_in_native, id=26212, stack(0x0000005eaed00000,0x0000005eaee00000)]

Other Threads:
  0x0000022591fc7560 VMThread "VM Thread" [stack: 0x0000005eadf00000,0x0000005eae000000] [id=30424]
  0x00000225eea23300 WatcherThread [stack: 0x0000005eaf000000,0x0000005eaf100000] [id=468]
  0x00000225ee9fea40 GCTaskThread "GC Thread#0" [stack: 0x0000005eada00000,0x0000005eadb00000] [id=816]
  0x00000225930c1d10 GCTaskThread "GC Thread#1" [stack: 0x0000005eaf100000,0x0000005eaf200000] [id=33288]
  0x00000225930c1fc0 GCTaskThread "GC Thread#2" [stack: 0x0000005eaf200000,0x0000005eaf300000] [id=30340]
  0x000002259349e5e0 GCTaskThread "GC Thread#3" [stack: 0x0000005eaf300000,0x0000005eaf400000] [id=29776]
  0x000002259349eca0 GCTaskThread "GC Thread#4" [stack: 0x0000005eaf400000,0x0000005eaf500000] [id=4924]
  0x000002259379a890 GCTaskThread "GC Thread#5" [stack: 0x0000005eaf500000,0x0000005eaf600000] [id=31648]
  0x0000022593e0a980 GCTaskThread "GC Thread#6" [stack: 0x0000005eaf900000,0x0000005eafa00000] [id=12556]
  0x0000022593ddccd0 GCTaskThread "GC Thread#7" [stack: 0x0000005eafa00000,0x0000005eafb00000] [id=28800]
  0x0000022593cb80f0 GCTaskThread "GC Thread#8" [stack: 0x0000005eafb00000,0x0000005eafc00000] [id=19828]
  0x0000022593cab140 GCTaskThread "GC Thread#9" [stack: 0x0000005eafc00000,0x0000005eafd00000] [id=24676]
  0x000002259419bd50 GCTaskThread "GC Thread#10" [stack: 0x0000005eaf800000,0x0000005eaf900000] [id=19328]
  0x000002259419d2d0 GCTaskThread "GC Thread#11" [stack: 0x0000005eaff00000,0x0000005eb0000000] [id=30892]
  0x000002259419c000 GCTaskThread "GC Thread#12" [stack: 0x0000005eb0000000,0x0000005eb0100000] [id=29612]
  0x00000225eea113b0 ConcurrentGCThread "G1 Main Marker" [stack: 0x0000005eadb00000,0x0000005eadc00000] [id=28816]
  0x00000225eea11cc0 ConcurrentGCThread "G1 Conc#0" [stack: 0x0000005eadc00000,0x0000005eadd00000] [id=32148]
  0x000002259419d580 ConcurrentGCThread "G1 Conc#1" [stack: 0x0000005eb0100000,0x0000005eb0200000] [id=18388]
  0x000002259419c810 ConcurrentGCThread "G1 Conc#2" [stack: 0x0000005eb0200000,0x0000005eb0300000] [id=30496]
  0x00000225eea4e0e0 ConcurrentGCThread "G1 Refine#0" [stack: 0x0000005eadd00000,0x0000005eade00000] [id=8720]
  0x00000225eea4ea00 ConcurrentGCThread "G1 Service" [stack: 0x0000005eade00000,0x0000005eadf00000] [id=26596]

Threads with active compile tasks:
C2 CompilerThread0    83105 11616       4       org.hibernate.sql.results.graph.entity.internal.EntityJoinedFetchInitializer::resolveKey (121 bytes)
C2 CompilerThread1    83105 11627   !   4       org.hibernate.sql.results.spi.ListResultsConsumer::consume (751 bytes)
C2 CompilerThread2    83105 11559       4       org.hibernate.sql.results.graph.FetchParentAccess::shouldSkipInitializer (202 bytes)
C2 CompilerThread3    83105 11556       4       org.hibernate.sql.results.graph.collection.internal.AbstractCollectionInitializer::resolveKey (240 bytes)
C2 CompilerThread4    83105 11620       4       org.hibernate.sql.results.graph.collection.internal.AbstractImmediateCollectionInitializer::resolveKey (59 bytes)

VM state: not at safepoint (normal execution)

VM Mutex/Monitor currently owned by a thread: None

Heap address: 0x0000000704e00000, size: 4018 MB, Compressed Oops mode: Zero based, Oop shift amount: 3

CDS archive(s) mapped at: [0x0000000800000000-0x0000000800bd0000-0x0000000800bd0000), size 12386304, SharedBaseAddress: 0x0000000800000000, ArchiveRelocationMode: 0.
Compressed class space mapped at: 0x0000000800c00000-0x0000000840c00000, reserved size: 1073741824
Narrow klass base: 0x0000000800000000, Narrow klass shift: 0, Narrow klass range: 0x100000000

GC Precious Log:
 CPUs: 16 total, 16 available
 Memory: 16066M
 Large Page Support: Disabled
 NUMA Support: Disabled
 Compressed Oops: Enabled (Zero based)
 Heap Region Size: 2M
 Heap Min Capacity: 8M
 Heap Initial Capacity: 252M
 Heap Max Capacity: 4018M
 Pre-touch: Disabled
 Parallel Workers: 13
 Concurrent Workers: 3
 Concurrent Refinement Workers: 13
 Periodic GC: Disabled

Heap:
 garbage-first heap   total 102400K, used 81672K [0x0000000704e00000, 0x0000000800000000)
  region size 2048K, 24 young (49152K), 3 survivors (6144K)
 Metaspace       used 89855K, committed 90560K, reserved 1130496K
  class space    used 12148K, committed 12480K, reserved 1048576K

Heap Regions: E=young(eden), S=young(survivor), O=old, HS=humongous(starts), HC=humongous(continues), CS=collection set, F=free, OA=open archive, CA=closed archive, TAMS=top-at-mark-start (previous, next)
|   0|0x0000000704e00000, 0x0000000705000000, 0x0000000705000000|100%| O|  |TAMS 0x0000000705000000, 0x0000000704e00000| Untracked 
|   1|0x0000000705000000, 0x0000000705200000, 0x0000000705200000|100%| O|  |TAMS 0x0000000705200000, 0x0000000705000000| Untracked 
|   2|0x0000000705200000, 0x0000000705400000, 0x0000000705400000|100%| O|  |TAMS 0x0000000705400000, 0x0000000705200000| Untracked 
|   3|0x0000000705400000, 0x0000000705600000, 0x0000000705600000|100%| O|  |TAMS 0x0000000705600000, 0x0000000705400000| Untracked 
|   4|0x0000000705600000, 0x0000000705800000, 0x0000000705800000|100%| O|  |TAMS 0x0000000705800000, 0x0000000705600000| Untracked 
|   5|0x0000000705800000, 0x0000000705a00000, 0x0000000705a00000|100%| O|  |TAMS 0x0000000705a00000, 0x0000000705800000| Untracked 
|   6|0x0000000705a00000, 0x0000000705c00000, 0x0000000705c00000|100%| O|  |TAMS 0x0000000705c00000, 0x0000000705a00000| Untracked 
|   7|0x0000000705c00000, 0x0000000705e00000, 0x0000000705e00000|100%| O|  |TAMS 0x0000000705e00000, 0x0000000705c00000| Untracked 
|   8|0x0000000705e00000, 0x0000000706000000, 0x0000000706000000|100%| O|  |TAMS 0x0000000705e00000, 0x0000000705e00000| Untracked 
|   9|0x0000000706000000, 0x0000000706200000, 0x0000000706200000|100%| O|  |TAMS 0x0000000706200000, 0x0000000706000000| Untracked 
|  10|0x0000000706200000, 0x0000000706400000, 0x0000000706400000|100%| O|  |TAMS 0x0000000706400000, 0x0000000706200000| Untracked 
|  11|0x0000000706400000, 0x0000000706600000, 0x0000000706600000|100%| O|  |TAMS 0x0000000706600000, 0x0000000706400000| Untracked 
|  12|0x0000000706600000, 0x0000000706800000, 0x0000000706800000|100%| O|  |TAMS 0x0000000706600000, 0x0000000706600000| Untracked 
|  13|0x0000000706800000, 0x0000000706a00000, 0x0000000706a00000|100%| O|  |TAMS 0x0000000706800000, 0x0000000706800000| Untracked 
|  14|0x0000000706a00000, 0x0000000706c00000, 0x0000000706c00000|100%| O|  |TAMS 0x0000000706a00000, 0x0000000706a00000| Untracked 
|  15|0x0000000706c00000, 0x0000000706e00000, 0x0000000706e00000|100%| O|  |TAMS 0x0000000706c00000, 0x0000000706c00000| Untracked 
|  16|0x0000000706e00000, 0x0000000706fec200, 0x0000000707000000| 96%| O|  |TAMS 0x0000000706e00000, 0x0000000706e00000| Untracked 
|  17|0x0000000707000000, 0x0000000707000000, 0x0000000707200000|  0%| F|  |TAMS 0x0000000707000000, 0x0000000707000000| Untracked 
|  18|0x0000000707200000, 0x0000000707200000, 0x0000000707400000|  0%| F|  |TAMS 0x0000000707200000, 0x0000000707200000| Untracked 
|  19|0x0000000707400000, 0x0000000707400000, 0x0000000707600000|  0%| F|  |TAMS 0x0000000707400000, 0x0000000707400000| Untracked 
|  20|0x0000000707600000, 0x00000007077d5fc8, 0x0000000707800000| 91%| S|CS|TAMS 0x0000000707600000, 0x0000000707600000| Complete 
|  21|0x0000000707800000, 0x0000000707a00000, 0x0000000707a00000|100%| S|CS|TAMS 0x0000000707800000, 0x0000000707800000| Complete 
|  22|0x0000000707a00000, 0x0000000707a00000, 0x0000000707c00000|  0%| F|  |TAMS 0x0000000707a00000, 0x0000000707a00000| Untracked 
|  23|0x0000000707c00000, 0x0000000707e00000, 0x0000000707e00000|100%| S|CS|TAMS 0x0000000707c00000, 0x0000000707c00000| Complete 
|  24|0x0000000707e00000, 0x0000000707e00000, 0x0000000708000000|  0%| F|  |TAMS 0x0000000707e00000, 0x0000000707e00000| Untracked 
|  25|0x0000000708000000, 0x0000000708000000, 0x0000000708200000|  0%| F|  |TAMS 0x0000000708000000, 0x0000000708000000| Untracked 
|  26|0x0000000708200000, 0x0000000708200000, 0x0000000708400000|  0%| F|  |TAMS 0x0000000708200000, 0x0000000708200000| Untracked 
|  27|0x0000000708400000, 0x0000000708400000, 0x0000000708600000|  0%| F|  |TAMS 0x0000000708400000, 0x0000000708400000| Untracked 
|  28|0x0000000708600000, 0x0000000708600000, 0x0000000708800000|  0%| F|  |TAMS 0x0000000708600000, 0x0000000708600000| Untracked 
|  29|0x0000000708800000, 0x00000007088e1cd0, 0x0000000708a00000| 44%| E|  |TAMS 0x0000000708800000, 0x0000000708800000| Complete 
|  30|0x0000000708a00000, 0x0000000708c00000, 0x0000000708c00000|100%| E|CS|TAMS 0x0000000708a00000, 0x0000000708a00000| Complete 
|  31|0x0000000708c00000, 0x0000000708e00000, 0x0000000708e00000|100%| E|CS|TAMS 0x0000000708c00000, 0x0000000708c00000| Complete 
|  32|0x0000000708e00000, 0x0000000709000000, 0x0000000709000000|100%| E|CS|TAMS 0x0000000708e00000, 0x0000000708e00000| Complete 
|  33|0x0000000709000000, 0x0000000709200000, 0x0000000709200000|100%| E|CS|TAMS 0x0000000709000000, 0x0000000709000000| Complete 
|  34|0x0000000709200000, 0x0000000709400000, 0x0000000709400000|100%| E|CS|TAMS 0x0000000709200000, 0x0000000709200000| Complete 
|  35|0x0000000709400000, 0x0000000709600000, 0x0000000709600000|100%| E|CS|TAMS 0x0000000709400000, 0x0000000709400000| Complete 
|  36|0x0000000709600000, 0x0000000709800000, 0x0000000709800000|100%| E|CS|TAMS 0x0000000709600000, 0x0000000709600000| Complete 
|  37|0x0000000709800000, 0x0000000709a00000, 0x0000000709a00000|100%| E|CS|TAMS 0x0000000709800000, 0x0000000709800000| Complete 
|  38|0x0000000709a00000, 0x0000000709c00000, 0x0000000709c00000|100%| E|CS|TAMS 0x0000000709a00000, 0x0000000709a00000| Complete 
|  39|0x0000000709c00000, 0x0000000709e00000, 0x0000000709e00000|100%| E|CS|TAMS 0x0000000709c00000, 0x0000000709c00000| Complete 
|  40|0x0000000709e00000, 0x000000070a000000, 0x000000070a000000|100%| E|CS|TAMS 0x0000000709e00000, 0x0000000709e00000| Complete 
|  41|0x000000070a000000, 0x000000070a200000, 0x000000070a200000|100%| E|CS|TAMS 0x000000070a000000, 0x000000070a000000| Complete 
|  42|0x000000070a200000, 0x000000070a400000, 0x000000070a400000|100%| E|CS|TAMS 0x000000070a200000, 0x000000070a200000| Complete 
|  43|0x000000070a400000, 0x000000070a600000, 0x000000070a600000|100%| E|CS|TAMS 0x000000070a400000, 0x000000070a400000| Complete 
|  44|0x000000070a600000, 0x000000070a800000, 0x000000070a800000|100%| E|CS|TAMS 0x000000070a600000, 0x000000070a600000| Complete 
|  45|0x000000070a800000, 0x000000070aa00000, 0x000000070aa00000|100%| E|CS|TAMS 0x000000070a800000, 0x000000070a800000| Complete 
|  46|0x000000070aa00000, 0x000000070ac00000, 0x000000070ac00000|100%| E|CS|TAMS 0x000000070aa00000, 0x000000070aa00000| Complete 
|  51|0x000000070b400000, 0x000000070b600000, 0x000000070b600000|100%| E|CS|TAMS 0x000000070b400000, 0x000000070b400000| Complete 
|  52|0x000000070b600000, 0x000000070b800000, 0x000000070b800000|100%| E|CS|TAMS 0x000000070b600000, 0x000000070b600000| Complete 
| 125|0x0000000714800000, 0x0000000714a00000, 0x0000000714a00000|100%| E|CS|TAMS 0x0000000714800000, 0x0000000714800000| Complete 

Card table byte_map: [0x00000225f7280000,0x00000225f7a60000] _byte_map_base: 0x00000225f3a59000

Marking Bits (Prev, Next): (CMBitMap*) 0x00000225ee9fef90, (CMBitMap*) 0x00000225ee9fef50
 Prev Bits: [0x00000225fc110000, 0x00000225fffd8000)
 Next Bits: [0x00000225f8240000, 0x00000225fc108000)

Polling page: 0x00000225ec8f0000

Metaspace:

Usage:
  Non-class:     75.89 MB used.
      Class:     11.86 MB used.
       Both:     87.75 MB used.

Virtual space:
  Non-class space:       80.00 MB reserved,      76.25 MB ( 95%) committed,  10 nodes.
      Class space:        1.00 GB reserved,      12.19 MB (  1%) committed,  1 nodes.
             Both:        1.08 GB reserved,      88.44 MB (  8%) committed. 

Chunk freelists:
   Non-Class:  3.55 MB
       Class:  3.84 MB
        Both:  7.39 MB

MaxMetaspaceSize: unlimited
CompressedClassSpaceSize: 1.00 GB
Initial GC threshold: 21.00 MB
Current GC threshold: 98.12 MB
CDS: on
MetaspaceReclaimPolicy: balanced
 - commit_granule_bytes: 65536.
 - commit_granule_words: 8192.
 - virtual_space_node_default_size: 1048576.
 - enlarge_chunks_in_place: 1.
 - new_chunks_are_fully_committed: 0.
 - uncommit_free_chunks: 1.
 - use_allocation_guard: 0.
 - handle_deallocations: 1.


Internal statistics:

num_allocs_failed_limit: 9.
num_arena_births: 996.
num_arena_deaths: 0.
num_vsnodes_births: 11.
num_vsnodes_deaths: 0.
num_space_committed: 1415.
num_space_uncommitted: 0.
num_chunks_returned_to_freelist: 9.
num_chunks_taken_from_freelist: 4220.
num_chunk_merges: 9.
num_chunk_splits: 3011.
num_chunks_enlarged: 2315.
num_purges: 0.
num_inconsistent_stats: 0.

CodeHeap 'non-profiled nmethods': size=119168Kb used=8171Kb max_used=8992Kb free=110996Kb
 bounds [0x0000022587ba0000, 0x0000022588470000, 0x000002258f000000]
CodeHeap 'profiled nmethods': size=119104Kb used=17329Kb max_used=17594Kb free=101775Kb
 bounds [0x0000022580000000, 0x0000022581140000, 0x0000022587450000]
CodeHeap 'non-nmethods': size=7488Kb used=1969Kb max_used=3189Kb free=5519Kb
 bounds [0x0000022587450000, 0x0000022587780000, 0x0000022587ba0000]
 total_blobs=10150 nmethods=9403 adapters=657
 compilation: enabled
              stopped_count=0, restarted_count=0
 full_count=0

Compilation events (20 events):
Event: 82.872 Thread 0x00000225928255d0 nmethod 11712 0x0000022580d7bd10 code [0x0000022580d7bec0, 0x0000022580d7c0e8]
Event: 82.872 Thread 0x00000225928255d0 11707       1       com.fasterxml.jackson.core.json.JsonWriteContext::setCurrentValue (6 bytes)
Event: 82.873 Thread 0x00000225935b6660 nmethod 11714 0x0000022580e6d990 code [0x0000022580e6db20, 0x0000022580e6dc98]
Event: 82.873 Thread 0x00000225928255d0 nmethod 11707 0x0000022587e6d810 code [0x0000022587e6d9a0, 0x0000022587e6dab8]
Event: 82.873 Thread 0x00000225935b6660 11716       3       com.fasterxml.jackson.databind.ser.std.NumberSerializers$LongSerializer::serialize (12 bytes)
Event: 82.873 Thread 0x00000225928255d0 11717       3       com.fasterxml.jackson.core.json.UTF8JsonGenerator::writeNumber (54 bytes)
Event: 82.873 Thread 0x00000225935b6660 nmethod 11716 0x0000022580e6d410 code [0x0000022580e6d5c0, 0x0000022580e6d828]
Event: 82.873 Thread 0x00000225928255d0 nmethod 11717 0x0000022580e6ce90 code [0x0000022580e6d060, 0x0000022580e6d318]
Event: 82.873 Thread 0x00000225935b6660 11709       1       com.fasterxml.jackson.databind.SerializerProvider::getActiveView (5 bytes)
Event: 82.873 Thread 0x00000225928255d0 11715       1       jdk.internal.math.FloatingDecimal$BinaryToASCIIBuffer::setSign (6 bytes)
Event: 82.874 Thread 0x00000225935b6660 nmethod 11709 0x0000022587e6d510 code [0x0000022587e6d6a0, 0x0000022587e6d778]
Event: 82.874 Thread 0x00000225928255d0 nmethod 11715 0x0000022587e6cf90 code [0x0000022587e6d120, 0x0000022587e6d1f8]
Event: 82.874 Thread 0x00000225935b6660 11718       1       com.fasterxml.jackson.databind.SerializationFeature::getMask (5 bytes)
Event: 82.874 Thread 0x00000225935b6660 nmethod 11718 0x00000225883ae190 code [0x00000225883ae320, 0x00000225883ae3f8]
Event: 82.876 Thread 0x00000225935b6660 11719       3       com.fasterxml.jackson.core.io.NumberOutput::outputInt (205 bytes)
Event: 82.878 Thread 0x00000225935b6660 nmethod 11719 0x0000022580e6c190 code [0x0000022580e6c3e0, 0x0000022580e6cb38]
Event: 82.882 Thread 0x00000225935b6660 11720       3       java.lang.Integer::toString (55 bytes)
Event: 82.883 Thread 0x00000225935b6660 nmethod 11720 0x0000022580e6ba90 code [0x0000022580e6bc60, 0x0000022580e6bff8]
Event: 82.976 Thread 0x00000225935b42f0 nmethod 11563 0x0000022587ef1490 code [0x0000022587ef1f00, 0x0000022587efb788]
Event: 82.977 Thread 0x00000225935b42f0 11620       4       org.hibernate.sql.results.graph.collection.internal.AbstractImmediateCollectionInitializer::resolveKey (59 bytes)

GC Heap History (20 events):
Event: 12.430 GC heap before
{Heap before GC invocations=23 (full 0):
 garbage-first heap   total 102400K, used 83718K [0x0000000704e00000, 0x0000000800000000)
  region size 2048K, 24 young (49152K), 1 survivors (2048K)
 Metaspace       used 82026K, committed 82688K, reserved 1122304K
  class space    used 11113K, committed 11392K, reserved 1048576K
}
Event: 12.432 GC heap after
{Heap after GC invocations=24 (full 0):
 garbage-first heap   total 102400K, used 36307K [0x0000000704e00000, 0x0000000800000000)
  region size 2048K, 1 young (2048K), 1 survivors (2048K)
 Metaspace       used 82026K, committed 82688K, reserved 1122304K
  class space    used 11113K, committed 11392K, reserved 1048576K
}
Event: 13.131 GC heap before
{Heap before GC invocations=24 (full 0):
 garbage-first heap   total 102400K, used 85459K [0x0000000704e00000, 0x0000000800000000)
  region size 2048K, 25 young (51200K), 1 survivors (2048K)
 Metaspace       used 82063K, committed 82688K, reserved 1122304K
  class space    used 11113K, committed 11392K, reserved 1048576K
}
Event: 13.134 GC heap after
{Heap after GC invocations=25 (full 0):
 garbage-first heap   total 102400K, used 36275K [0x0000000704e00000, 0x0000000800000000)
  region size 2048K, 1 young (2048K), 1 survivors (2048K)
 Metaspace       used 82063K, committed 82688K, reserved 1122304K
  class space    used 11113K, committed 11392K, reserved 1048576K
}
Event: 13.903 GC heap before
{Heap before GC invocations=25 (full 0):
 garbage-first heap   total 102400K, used 85427K [0x0000000704e00000, 0x0000000800000000)
  region size 2048K, 25 young (51200K), 1 survivors (2048K)
 Metaspace       used 82067K, committed 82688K, reserved 1122304K
  class space    used 11113K, committed 11392K, reserved 1048576K
}
Event: 13.906 GC heap after
{Heap after GC invocations=26 (full 0):
 garbage-first heap   total 102400K, used 36527K [0x0000000704e00000, 0x0000000800000000)
  region size 2048K, 1 young (2048K), 1 survivors (2048K)
 Metaspace       used 82067K, committed 82688K, reserved 1122304K
  class space    used 11113K, committed 11392K, reserved 1048576K
}
Event: 14.553 GC heap before
{Heap before GC invocations=26 (full 0):
 garbage-first heap   total 102400K, used 87727K [0x0000000704e00000, 0x0000000800000000)
  region size 2048K, 26 young (53248K), 1 survivors (2048K)
 Metaspace       used 82102K, committed 82752K, reserved 1122304K
  class space    used 11114K, committed 11392K, reserved 1048576K
}
Event: 14.555 GC heap after
{Heap after GC invocations=27 (full 0):
 garbage-first heap   total 102400K, used 36448K [0x0000000704e00000, 0x0000000800000000)
  region size 2048K, 1 young (2048K), 1 survivors (2048K)
 Metaspace       used 82102K, committed 82752K, reserved 1122304K
  class space    used 11114K, committed 11392K, reserved 1048576K
}
Event: 15.058 GC heap before
{Heap before GC invocations=27 (full 0):
 garbage-first heap   total 102400K, used 87648K [0x0000000704e00000, 0x0000000800000000)
  region size 2048K, 26 young (53248K), 1 survivors (2048K)
 Metaspace       used 82117K, committed 82752K, reserved 1122304K
  class space    used 11114K, committed 11392K, reserved 1048576K
}
Event: 15.060 GC heap after
{Heap after GC invocations=28 (full 0):
 garbage-first heap   total 102400K, used 36377K [0x0000000704e00000, 0x0000000800000000)
  region size 2048K, 1 young (2048K), 1 survivors (2048K)
 Metaspace       used 82117K, committed 82752K, reserved 1122304K
  class space    used 11114K, committed 11392K, reserved 1048576K
}
Event: 15.582 GC heap before
{Heap before GC invocations=28 (full 0):
 garbage-first heap   total 102400K, used 87577K [0x0000000704e00000, 0x0000000800000000)
  region size 2048K, 26 young (53248K), 1 survivors (2048K)
 Metaspace       used 82144K, committed 82752K, reserved 1122304K
  class space    used 11114K, committed 11392K, reserved 1048576K
}
Event: 15.585 GC heap after
{Heap after GC invocations=29 (full 0):
 garbage-first heap   total 102400K, used 36358K [0x0000000704e00000, 0x0000000800000000)
  region size 2048K, 1 young (2048K), 1 survivors (2048K)
 Metaspace       used 82144K, committed 82752K, reserved 1122304K
  class space    used 11114K, committed 11392K, reserved 1048576K
}
Event: 16.070 GC heap before
{Heap before GC invocations=29 (full 0):
 garbage-first heap   total 102400K, used 89606K [0x0000000704e00000, 0x0000000800000000)
  region size 2048K, 27 young (55296K), 1 survivors (2048K)
 Metaspace       used 82149K, committed 82752K, reserved 1122304K
  class space    used 11114K, committed 11392K, reserved 1048576K
}
Event: 16.072 GC heap after
{Heap after GC invocations=30 (full 0):
 garbage-first heap   total 102400K, used 36671K [0x0000000704e00000, 0x0000000800000000)
  region size 2048K, 1 young (2048K), 1 survivors (2048K)
 Metaspace       used 82149K, committed 82752K, reserved 1122304K
  class space    used 11114K, committed 11392K, reserved 1048576K
}
Event: 16.631 GC heap before
{Heap before GC invocations=30 (full 0):
 garbage-first heap   total 102400K, used 89919K [0x0000000704e00000, 0x0000000800000000)
  region size 2048K, 27 young (55296K), 1 survivors (2048K)
 Metaspace       used 82230K, committed 82816K, reserved 1122304K
  class space    used 11114K, committed 11392K, reserved 1048576K
}
Event: 16.633 GC heap after
{Heap after GC invocations=31 (full 0):
 garbage-first heap   total 102400K, used 36613K [0x0000000704e00000, 0x0000000800000000)
  region size 2048K, 1 young (2048K), 1 survivors (2048K)
 Metaspace       used 82230K, committed 82816K, reserved 1122304K
  class space    used 11114K, committed 11392K, reserved 1048576K
}
Event: 17.242 GC heap before
{Heap before GC invocations=31 (full 0):
 garbage-first heap   total 102400K, used 89861K [0x0000000704e00000, 0x0000000800000000)
  region size 2048K, 27 young (55296K), 1 survivors (2048K)
 Metaspace       used 82901K, committed 83456K, reserved 1122304K
  class space    used 11194K, committed 11456K, reserved 1048576K
}
Event: 17.245 GC heap after
{Heap after GC invocations=32 (full 0):
 garbage-first heap   total 102400K, used 36610K [0x0000000704e00000, 0x0000000800000000)
  region size 2048K, 1 young (2048K), 1 survivors (2048K)
 Metaspace       used 82901K, committed 83456K, reserved 1122304K
  class space    used 11194K, committed 11456K, reserved 1048576K
}
Event: 18.357 GC heap before
{Heap before GC invocations=32 (full 0):
 garbage-first heap   total 102400K, used 89858K [0x0000000704e00000, 0x0000000800000000)
  region size 2048K, 27 young (55296K), 1 survivors (2048K)
 Metaspace       used 85787K, committed 86400K, reserved 1130496K
  class space    used 11610K, committed 11904K, reserved 1048576K
}
Event: 18.362 GC heap after
{Heap after GC invocations=33 (full 0):
 garbage-first heap   total 102400K, used 40712K [0x0000000704e00000, 0x0000000800000000)
  region size 2048K, 3 young (6144K), 3 survivors (6144K)
 Metaspace       used 85787K, committed 86400K, reserved 1130496K
  class space    used 11610K, committed 11904K, reserved 1048576K
}

Deoptimization events (20 events):
Event: 82.858 Thread 0x000002259aeec270 Uncommon trap: trap_request=0xffffff45 fr.pc=0x00000225881db8b0 relative=0x0000000000000390
Event: 82.858 Thread 0x000002259aeec270 Uncommon trap: reason=unstable_if action=reinterpret pc=0x00000225881db8b0 method=sun.util.calendar.ZoneInfo.getOffsets(J[II)I @ 4 c2
Event: 82.858 Thread 0x000002259aeec270 DEOPT PACKING pc=0x00000225881db8b0 sp=0x0000005eb0bfc1f0
Event: 82.858 Thread 0x000002259aeec270 DEOPT UNPACKING pc=0x00000225874a23a3 sp=0x0000005eb0bfc170 mode 2
Event: 82.864 Thread 0x000002259aeec270 Uncommon trap: trap_request=0xfffffff4 fr.pc=0x000002258823b7d8 relative=0x00000000000034d8
Event: 82.864 Thread 0x000002259aeec270 Uncommon trap: reason=null_check action=make_not_entrant pc=0x000002258823b7d8 method=com.mysql.cj.protocol.a.TextResultsetReader.read(IZLcom/mysql/cj/protocol/a/NativePacketPayload;Lcom/mysql/cj/protocol/ColumnDefinition;Lcom/mysql/cj/protocol/ProtocolEn
Event: 82.864 Thread 0x000002259aeec270 DEOPT PACKING pc=0x000002258823b7d8 sp=0x0000005eb0bfbb60
Event: 82.864 Thread 0x000002259aeec270 DEOPT UNPACKING pc=0x00000225874a23a3 sp=0x0000005eb0bfbb20 mode 2
Event: 82.864 Thread 0x000002259aeec270 Uncommon trap: trap_request=0xffffff45 fr.pc=0x0000022588268d70 relative=0x0000000000005830
Event: 82.864 Thread 0x000002259aeec270 Uncommon trap: reason=unstable_if action=reinterpret pc=0x0000022588268d70 method=com.mysql.cj.jdbc.result.ResultSetImpl.<init>(Lcom/mysql/cj/protocol/ResultsetRows;Lcom/mysql/cj/jdbc/JdbcConnection;Lcom/mysql/cj/jdbc/StatementImpl;)V @ 745 c2
Event: 82.864 Thread 0x000002259aeec270 DEOPT PACKING pc=0x0000022588268d70 sp=0x0000005eb0bfb940
Event: 82.864 Thread 0x000002259aeec270 DEOPT UNPACKING pc=0x00000225874a23a3 sp=0x0000005eb0bfb918 mode 2
Event: 82.864 Thread 0x000002259aeec270 Uncommon trap: trap_request=0xffffff45 fr.pc=0x00000225881a3130 relative=0x0000000000003f50
Event: 82.864 Thread 0x000002259aeec270 Uncommon trap: reason=unstable_if action=reinterpret pc=0x00000225881a3130 method=com.mysql.cj.jdbc.result.ResultSetImpl.next()Z @ 43 c2
Event: 82.864 Thread 0x000002259aeec270 DEOPT PACKING pc=0x00000225881a3130 sp=0x0000005eb0bfbea0
Event: 82.864 Thread 0x000002259aeec270 DEOPT UNPACKING pc=0x00000225874a23a3 sp=0x0000005eb0bfbe40 mode 2
Event: 82.874 Thread 0x000002259aeec270 Uncommon trap: trap_request=0xffffff45 fr.pc=0x00000225881a766c relative=0x000000000000090c
Event: 82.874 Thread 0x000002259aeec270 Uncommon trap: reason=unstable_if action=reinterpret pc=0x00000225881a766c method=com.mysql.cj.jdbc.result.ResultSetImpl.next()Z @ 43 c2
Event: 82.875 Thread 0x000002259aeec270 DEOPT PACKING pc=0x00000225881a766c sp=0x0000005eb0bfbde0
Event: 82.875 Thread 0x000002259aeec270 DEOPT UNPACKING pc=0x00000225874a23a3 sp=0x0000005eb0bfbdb0 mode 2

Classes unloaded (0 events):
No events

Classes redefined (0 events):
No events

Internal exceptions (20 events):
Event: 17.857 Thread 0x00000225937a0770 Exception <a 'java/lang/IncompatibleClassChangeError'{0x000000070947cd20}: Found class java.lang.Object, but interface was expected> (0x000000070947cd20) 
thrown [s\open\src\hotspot\share\interpreter\linkResolver.cpp, line 826]
Event: 17.895 Thread 0x00000225937a0770 Implicit null exception at 0x0000022587c95441 to 0x0000022587c95813
Event: 17.965 Thread 0x00000225937a0770 Exception <a 'java/lang/NoSuchMethodError'{0x00000007093576e0}: 'void java.lang.invoke.DirectMethodHandle$Holder.invokeVirtual(java.lang.Object, java.lang.Object, long)'> (0x00000007093576e0) 
thrown [s\open\src\hotspot\share\interpreter\linkResolver.cpp, line 759]
Event: 18.088 Thread 0x00000225937a0770 Implicit null exception at 0x0000022587e2cebf to 0x0000022587e2d3f1
Event: 18.210 Thread 0x00000225937a0770 Exception <a 'java/lang/NoSuchMethodError'{0x0000000708422d10}: 'java.lang.Object java.lang.invoke.DirectMethodHandle$Holder.newInvokeSpecial(java.lang.Object, java.lang.Object, java.lang.Object, java.lang.Object, java.lang.Object, java.lang.Object, java.lang.Object, java.lang.Object, java.lang.Object)'> (0x0000000708422d10) 
thrown [s\open\src\hotspot\share\interpreter\linkResolver.cpp, line 759]
Event: 18.210 Thread 0x00000225937a0770 Exception <a 'java/lang/NoSuchMethodError'{0x0000000708427f10}: 'java.lang.Object java.lang.invoke.Invokers$Holder.linkToTargetMethod(java.lang.Object, java.lang.Object, java.lang.Object, java.lang.Object, java.lang.Object, java.lang.Object, java.lang.Object, java.lang.Object, java.lang.Object)'> (0x0000000708427f10) 
thrown [s\open\src\hotspot\share\interpreter\linkResolver.cpp, line 759]
Event: 18.430 Thread 0x00000225937a0770 Exception <a 'java/lang/NoSuchMethodError'{0x000000070b7b9fc8}: 'double java.lang.invoke.DirectMethodHandle$Holder.invokeStatic(java.lang.Object, java.lang.Object)'> (0x000000070b7b9fc8) 
thrown [s\open\src\hotspot\share\interpreter\linkResolver.cpp, line 759]
Event: 18.473 Thread 0x00000225937a0770 Implicit null exception at 0x0000022587d4cb5a to 0x0000022587d4cd98
Event: 18.642 Thread 0x00000225937a0770 Exception <a 'java/lang/NoSuchMethodError'{0x0000000709c465b0}: 'void java.lang.invoke.DirectMethodHandle$Holder.invokeStatic(java.lang.Object, java.lang.Object, double)'> (0x0000000709c465b0) 
thrown [s\open\src\hotspot\share\interpreter\linkResolver.cpp, line 759]
Event: 18.657 Thread 0x00000225937a0770 Exception <a 'java/lang/NoSuchMethodError'{0x0000000709c9d0d0}: 'double java.lang.invoke.DirectMethodHandle$Holder.invokeStatic(java.lang.Object, java.lang.Object, java.lang.Object)'> (0x0000000709c9d0d0) 
thrown [s\open\src\hotspot\share\interpreter\linkResolver.cpp, line 759]
Event: 18.682 Thread 0x00000225937a0770 Exception <a 'java/lang/IncompatibleClassChangeError'{0x0000000709d33420}: Found class java.lang.Object, but interface was expected> (0x0000000709d33420) 
thrown [s\open\src\hotspot\share\interpreter\linkResolver.cpp, line 826]
Event: 18.688 Thread 0x00000225937a0770 Exception <a 'java/lang/NoSuchMethodError'{0x0000000709d49fe8}: 'void java.lang.invoke.DirectMethodHandle$Holder.invokeSpecial(java.lang.Object, java.lang.Object, int, java.lang.Object, java.lang.Object, java.lang.Object, java.lang.Object)'> (0x0000000709d49fe8) 
thrown [s\open\src\hotspot\share\interpreter\linkResolver.cpp, line 759]
Event: 18.689 Thread 0x00000225937a0770 Exception <a 'java/lang/NoSuchMethodError'{0x0000000709d51d78}: 'java.lang.Object java.lang.invoke.DirectMethodHandle$Holder.newInvokeSpecial(java.lang.Object, java.lang.Object, int, java.lang.Object, java.lang.Object)'> (0x0000000709d51d78) 
thrown [s\open\src\hotspot\share\interpreter\linkResolver.cpp, line 759]
Event: 18.770 Thread 0x00000225937a0770 Exception <a 'java/lang/IncompatibleClassChangeError'{0x00000007098ca4d0}: Found class java.lang.Object, but interface was expected> (0x00000007098ca4d0) 
thrown [s\open\src\hotspot\share\interpreter\linkResolver.cpp, line 826]
Event: 18.800 Thread 0x00000225937a0770 Implicit null exception at 0x0000022587d16e03 to 0x0000022587d175d8
Event: 82.342 Thread 0x000002259aee5890 Exception <a 'java/lang/NoSuchMethodError'{0x00000007090a5e50}: 'java.lang.Object java.lang.invoke.DirectMethodHandle$Holder.invokeSpecial(java.lang.Object, java.lang.Object, java.lang.Object, java.lang.Object, java.lang.Object, long)'> (0x00000007090a5e50) 
thrown [s\open\src\hotspot\share\interpreter\linkResolver.cpp, line 759]
Event: 82.342 Thread 0x000002259aee5890 Exception <a 'java/lang/NoSuchMethodError'{0x00000007090a9848}: 'java.lang.Object java.lang.invoke.Invokers$Holder.linkToTargetMethod(java.lang.Object, java.lang.Object, java.lang.Object, long, java.lang.Object)'> (0x00000007090a9848) 
thrown [s\open\src\hotspot\share\interpreter\linkResolver.cpp, line 759]
Event: 82.592 Thread 0x000002259aeec270 Implicit null exception at 0x000002258822fbfb to 0x0000022588230038
Event: 82.858 Thread 0x000002259aeec270 Implicit null exception at 0x00000225881db55f to 0x00000225881db890
Event: 82.864 Thread 0x000002259aeec270 Implicit null exception at 0x00000225882387cf to 0x000002258823b7a8

VM Operations (20 events):
Event: 56.174 Executing VM operation: Cleanup
Event: 56.174 Executing VM operation: Cleanup done
Event: 59.194 Executing VM operation: Cleanup
Event: 59.194 Executing VM operation: Cleanup done
Event: 80.352 Executing VM operation: Cleanup
Event: 80.352 Executing VM operation: Cleanup done
Event: 81.369 Executing VM operation: Cleanup
Event: 81.369 Executing VM operation: Cleanup done
Event: 82.361 Executing VM operation: HandshakeAllThreads
Event: 82.361 Executing VM operation: HandshakeAllThreads done
Event: 82.463 Executing VM operation: HandshakeAllThreads
Event: 82.463 Executing VM operation: HandshakeAllThreads done
Event: 82.463 Executing VM operation: Cleanup
Event: 82.463 Executing VM operation: Cleanup done
Event: 82.513 Executing VM operation: HandshakeAllThreads
Event: 82.513 Executing VM operation: HandshakeAllThreads done
Event: 82.629 Executing VM operation: HandshakeAllThreads
Event: 82.629 Executing VM operation: HandshakeAllThreads done
Event: 82.882 Executing VM operation: HandshakeAllThreads
Event: 82.882 Executing VM operation: HandshakeAllThreads done

Events (20 events):
Event: 82.346 loading class sun/nio/cs/ThreadLocalCoders done
Event: 82.346 loading class sun/nio/cs/ThreadLocalCoders$1
Event: 82.346 loading class sun/nio/cs/ThreadLocalCoders$Cache
Event: 82.346 loading class sun/nio/cs/ThreadLocalCoders$Cache done
Event: 82.346 loading class sun/nio/cs/ThreadLocalCoders$1 done
Event: 82.346 loading class sun/nio/cs/ThreadLocalCoders$2
Event: 82.346 loading class sun/nio/cs/ThreadLocalCoders$2 done
Event: 82.408 loading class java/util/concurrent/ArrayBlockingQueue
Event: 82.408 loading class java/util/concurrent/ArrayBlockingQueue done
Event: 82.409 loading class java/util/concurrent/ArrayBlockingQueue$Itr
Event: 82.409 loading class java/util/concurrent/ArrayBlockingQueue$Itr done
Event: 82.496 Thread 0x0000022593b41ad0 Thread added: 0x0000022593b41ad0
Event: 82.496 Thread 0x0000022593b41fe0 Thread added: 0x0000022593b41fe0
Event: 82.497 Thread 0x00000225935b6660 Thread added: 0x00000225935b6660
Event: 82.497 Thread 0x00000225935b6b70 Thread added: 0x00000225935b6b70
Event: 82.501 Thread 0x00000225935b42f0 Thread added: 0x00000225935b42f0
Event: 82.592 loading class java/util/stream/LongStream
Event: 82.593 loading class java/util/stream/LongStream done
Event: 82.880 loading class java/util/ArrayDeque$DescendingIterator
Event: 82.880 loading class java/util/ArrayDeque$DescendingIterator done


Dynamic libraries:
0x00007ff7fd830000 - 0x00007ff7fd840000 	C:\Program Files\Java\jdk-17\bin\java.exe
0x00007ffb73610000 - 0x00007ffb73827000 	C:\Windows\SYSTEM32\ntdll.dll
0x00007ffb721d0000 - 0x00007ffb72294000 	C:\Windows\System32\KERNEL32.DLL
0x00007ffb70ab0000 - 0x00007ffb70e67000 	C:\Windows\System32\KERNELBASE.dll
0x00007ffb711f0000 - 0x00007ffb71301000 	C:\Windows\System32\ucrtbase.dll
0x00007ffb666c0000 - 0x00007ffb666d9000 	C:\Program Files\Java\jdk-17\bin\jli.dll
0x00007ffb676a0000 - 0x00007ffb676bb000 	C:\Program Files\Java\jdk-17\bin\VCRUNTIME140.dll
0x00007ffb73080000 - 0x00007ffb73132000 	C:\Windows\System32\ADVAPI32.dll
0x00007ffb71390000 - 0x00007ffb71437000 	C:\Windows\System32\msvcrt.dll
0x00007ffb71de0000 - 0x00007ffb71e88000 	C:\Windows\System32\sechost.dll
0x00007ffb71310000 - 0x00007ffb71338000 	C:\Windows\System32\bcrypt.dll
0x00007ffb71840000 - 0x00007ffb71954000 	C:\Windows\System32\RPCRT4.dll
0x00007ffb72d10000 - 0x00007ffb72ebf000 	C:\Windows\System32\USER32.dll
0x00007ffb70a80000 - 0x00007ffb70aa6000 	C:\Windows\System32\win32u.dll
0x00007ffb72090000 - 0x00007ffb720b9000 	C:\Windows\System32\GDI32.dll
0x00007ffb710d0000 - 0x00007ffb711e8000 	C:\Windows\System32\gdi32full.dll
0x00007ffb70920000 - 0x00007ffb709ba000 	C:\Windows\System32\msvcp_win.dll
0x00007ffb5d070000 - 0x00007ffb5d303000 	C:\Windows\WinSxS\amd64_microsoft.windows.common-controls_6595b64144ccf1df_6.0.22621.3672_none_2713b9d173822955\COMCTL32.dll
0x00007ffb66720000 - 0x00007ffb6672a000 	C:\Windows\SYSTEM32\VERSION.dll
0x00007ffb72320000 - 0x00007ffb72351000 	C:\Windows\System32\IMM32.DLL
0x00007ffb6b0b0000 - 0x00007ffb6b0bc000 	C:\Program Files\Java\jdk-17\bin\vcruntime140_1.dll
0x00007ffb549e0000 - 0x00007ffb54a6e000 	C:\Program Files\Java\jdk-17\bin\msvcp140.dll
0x00007ffaf0000000 - 0x00007ffaf0bdd000 	C:\Program Files\Java\jdk-17\bin\server\jvm.dll
0x00007ffb71830000 - 0x00007ffb71838000 	C:\Windows\System32\PSAPI.DLL
0x00007ffb52b40000 - 0x00007ffb52b49000 	C:\Windows\SYSTEM32\WSOCK32.dll
0x00007ffb6abe0000 - 0x00007ffb6ac14000 	C:\Windows\SYSTEM32\WINMM.dll
0x00007ffb71e90000 - 0x00007ffb71f01000 	C:\Windows\System32\WS2_32.dll
0x00007ffb6f970000 - 0x00007ffb6f988000 	C:\Windows\SYSTEM32\kernel.appcore.dll
0x00007ffb67760000 - 0x00007ffb6776a000 	C:\Program Files\Java\jdk-17\bin\jimage.dll
0x00007ffb68600000 - 0x00007ffb68832000 	C:\Windows\SYSTEM32\DBGHELP.DLL
0x00007ffb71440000 - 0x00007ffb717ce000 	C:\Windows\System32\combase.dll
0x00007ffb73140000 - 0x00007ffb73217000 	C:\Windows\System32\OLEAUT32.dll
0x00007ffb68480000 - 0x00007ffb684b2000 	C:\Windows\SYSTEM32\dbgcore.DLL
0x00007ffb70e70000 - 0x00007ffb70eeb000 	C:\Windows\System32\bcryptPrimitives.dll
0x00007ffb66c20000 - 0x00007ffb66c2e000 	C:\Program Files\Java\jdk-17\bin\instrument.dll
0x00007ffb54980000 - 0x00007ffb549a5000 	C:\Program Files\Java\jdk-17\bin\java.dll
0x00007ffb31c60000 - 0x00007ffb31d37000 	C:\Program Files\Java\jdk-17\bin\jsvml.dll
0x00007ffb72360000 - 0x00007ffb72bc9000 	C:\Windows\System32\SHELL32.dll
0x00007ffb6e890000 - 0x00007ffb6f18f000 	C:\Windows\SYSTEM32\windows.storage.dll
0x00007ffb6e750000 - 0x00007ffb6e88f000 	C:\Windows\SYSTEM32\wintypes.dll
0x00007ffb73440000 - 0x00007ffb73539000 	C:\Windows\System32\SHCORE.dll
0x00007ffb717d0000 - 0x00007ffb7182e000 	C:\Windows\System32\shlwapi.dll
0x00007ffb70850000 - 0x00007ffb70877000 	C:\Windows\SYSTEM32\profapi.dll
0x00007ffb54960000 - 0x00007ffb54978000 	C:\Program Files\Java\jdk-17\bin\zip.dll
0x00007ffb60670000 - 0x00007ffb60689000 	C:\Program Files\Java\jdk-17\bin\net.dll
0x00007ffb6c5b0000 - 0x00007ffb6c6e6000 	C:\Windows\SYSTEM32\WINHTTP.dll
0x00007ffb6fe50000 - 0x00007ffb6feb9000 	C:\Windows\system32\mswsock.dll
0x00007ffb5a7e0000 - 0x00007ffb5a7f6000 	C:\Program Files\Java\jdk-17\bin\nio.dll
0x00007ffb317b0000 - 0x00007ffb317ca000 	C:\Program Files\JetBrains\IntelliJ IDEA Community Edition 2024.1.4\bin\breakgen64.dll
0x00007ffb665a0000 - 0x00007ffb665aa000 	C:\Program Files\Java\jdk-17\bin\management.dll
0x00007ffb66570000 - 0x00007ffb6657b000 	C:\Program Files\Java\jdk-17\bin\management_ext.dll
0x00007ffb60260000 - 0x00007ffb6026d000 	C:\Program Files\Java\jdk-17\bin\sunmscapi.dll
0x00007ffb70f60000 - 0x00007ffb710c6000 	C:\Windows\System32\CRYPT32.dll
0x00007ffb702e0000 - 0x00007ffb7030d000 	C:\Windows\SYSTEM32\ncrypt.dll
0x00007ffb702a0000 - 0x00007ffb702d7000 	C:\Windows\SYSTEM32\NTASN1.dll
0x00007ffb700a0000 - 0x00007ffb700bb000 	C:\Windows\SYSTEM32\CRYPTSP.dll
0x00007ffb6f8d0000 - 0x00007ffb6f905000 	C:\Windows\system32\rsaenh.dll
0x00007ffb6ff20000 - 0x00007ffb6ff48000 	C:\Windows\SYSTEM32\USERENV.dll
0x00007ffb700c0000 - 0x00007ffb700cc000 	C:\Windows\SYSTEM32\CRYPTBASE.dll
0x00007ffb6f3f0000 - 0x00007ffb6f41d000 	C:\Windows\SYSTEM32\IPHLPAPI.DLL
0x00007ffb72d00000 - 0x00007ffb72d09000 	C:\Windows\System32\NSI.dll
0x00007ffb6c1e0000 - 0x00007ffb6c1f9000 	C:\Windows\SYSTEM32\dhcpcsvc6.DLL
0x00007ffb6c180000 - 0x00007ffb6c19f000 	C:\Windows\SYSTEM32\dhcpcsvc.DLL
0x00007ffb6f420000 - 0x00007ffb6f522000 	C:\Windows\SYSTEM32\DNSAPI.dll
0x00007ffb54950000 - 0x00007ffb54960000 	C:\Program Files\Java\jdk-17\bin\verify.dll
0x00007ffb690b0000 - 0x00007ffb690ba000 	C:\Windows\System32\rasadhlp.dll
0x00007ffb6ab10000 - 0x00007ffb6ab93000 	C:\Windows\System32\fwpuclnt.dll
0x00007ffb5e780000 - 0x00007ffb5e788000 	C:\Windows\system32\wshunix.dll

dbghelp: loaded successfully - version: 4.0.5 - missing functions: none
symbol engine: initialized successfully - sym options: 0x614 - pdb path: .;C:\Program Files\Java\jdk-17\bin;C:\Windows\SYSTEM32;C:\Windows\WinSxS\amd64_microsoft.windows.common-controls_6595b64144ccf1df_6.0.22621.3672_none_2713b9d173822955;C:\Program Files\Java\jdk-17\bin\server;C:\Program Files\JetBrains\IntelliJ IDEA Community Edition 2024.1.4\bin

VM Arguments:
jvm_args: -javaagent:C:\Program Files\JetBrains\IntelliJ IDEA Community Edition 2024.1.4\lib\idea_rt.jar=65016:C:\Program Files\JetBrains\IntelliJ IDEA Community Edition 2024.1.4\bin -Dfile.encoding=UTF-8 
java_command: com.ucamp.movieus.MovieusApplication
java_class_path (initial): C:\sts3.9-bundle\SpringBoot\move-us-project\backend\target\classes;C:\Users\LG\.m2\repository\org\springframework\boot\spring-boot-starter-mail\3.3.5\spring-boot-starter-mail-3.3.5.jar;C:\Users\LG\.m2\repository\org\springframework\boot\spring-boot-starter\3.3.5\spring-boot-starter-3.3.5.jar;C:\Users\LG\.m2\repository\org\springframework\boot\spring-boot-starter-logging\3.3.5\spring-boot-starter-logging-3.3.5.jar;C:\Users\LG\.m2\repository\ch\qos\logback\logback-classic\1.5.11\logback-classic-1.5.11.jar;C:\Users\LG\.m2\repository\ch\qos\logback\logback-core\1.5.11\logback-core-1.5.11.jar;C:\Users\LG\.m2\repository\org\apache\logging\log4j\log4j-to-slf4j\2.23.1\log4j-to-slf4j-2.23.1.jar;C:\Users\LG\.m2\repository\org\apache\logging\log4j\log4j-api\2.23.1\log4j-api-2.23.1.jar;C:\Users\LG\.m2\repository\org\slf4j\jul-to-slf4j\2.0.16\jul-to-slf4j-2.0.16.jar;C:\Users\LG\.m2\repository\jakarta\annotation\jakarta.annotation-api\2.1.1\jakarta.annotation-api-2.1.1.jar;C:\Users\LG\.m2\repository\org\yaml\snakeyaml\2.2\snakeyaml-2.2.jar;C:\Users\LG\.m2\repository\org\springframework\spring-context-support\6.1.14\spring-context-support-6.1.14.jar;C:\Users\LG\.m2\repository\org\eclipse\angus\jakarta.mail\2.0.3\jakarta.mail-2.0.3.jar;C:\Users\LG\.m2\repository\jakarta\activation\jakarta.activation-api\2.1.3\jakarta.activation-api-2.1.3.jar;C:\Users\LG\.m2\repository\org\eclipse\angus\angus-activation\2.0.2\angus-activation-2.0.2.jar;C:\Users\LG\.m2\repository\org\springframework\boot\spring-boot-starter-actuator\3.3.5\spring-boot-starter-actuator-3.3.5.jar;C:\Users\LG\.m2\repository\org\springframework\boot\spring-boot-actuator-autoconfigure\3.3.5\spring-boot-actuator-autoconfigure-3.3.5.jar;C:\Users\LG\.m2\repository\org\springframework\boot\spring-boot-actuator\3.3.5\spring-boot-actuator-3.3.5.jar;C:\Users\LG\.m2\repository\com\fasterxml\jackson\core\jackson-databind\2.17.2\jackson-databind-2.17.2.jar;C:\Users\LG\.m2\repository\com\fasterxml\jackson
Launcher Type: SUN_STANDARD

[Global flags]
     intx CICompilerCount                          = 12                                        {product} {ergonomic}
     uint ConcGCThreads                            = 3                                         {product} {ergonomic}
     uint G1ConcRefinementThreads                  = 13                                        {product} {ergonomic}
   size_t G1HeapRegionSize                         = 2097152                                   {product} {ergonomic}
    uintx GCDrainStackTargetSize                   = 64                                        {product} {ergonomic}
   size_t InitialHeapSize                          = 264241152                                 {product} {ergonomic}
   size_t MarkStackSize                            = 4194304                                   {product} {ergonomic}
   size_t MaxHeapSize                              = 4213178368                                {product} {ergonomic}
   size_t MaxNewSize                               = 2527068160                                {product} {ergonomic}
   size_t MinHeapDeltaBytes                        = 2097152                                   {product} {ergonomic}
   size_t MinHeapSize                              = 8388608                                   {product} {ergonomic}
    uintx NonNMethodCodeHeapSize                   = 7602480                                {pd product} {ergonomic}
    uintx NonProfiledCodeHeapSize                  = 122027880                              {pd product} {ergonomic}
    uintx ProfiledCodeHeapSize                     = 122027880                              {pd product} {ergonomic}
    uintx ReservedCodeCacheSize                    = 251658240                              {pd product} {ergonomic}
     bool SegmentedCodeCache                       = true                                      {product} {ergonomic}
   size_t SoftMaxHeapSize                          = 4213178368                             {manageable} {ergonomic}
     bool UseCompressedClassPointers               = true                           {product lp64_product} {ergonomic}
     bool UseCompressedOops                        = true                           {product lp64_product} {ergonomic}
     bool UseG1GC                                  = true                                      {product} {ergonomic}
     bool UseLargePagesIndividualAllocation        = false                                  {pd product} {ergonomic}

Logging:
Log output configuration:
 #0: stdout all=warning uptime,level,tags
 #1: stderr all=off uptime,level,tags

Environment Variables:
JAVA_HOME=C:\Program Files\Java\jdk-21
PATH=C:\Python312\Scripts\;C:\Python312\;C:\Program Files\MariaDB 10.11\bin;C:\oraclexe\app\oracle\product\11.2.0\server\bin;C:\Program Files\Java\jdk-21\bin;C:\Program Files\Common Files\Oracle\Java\javapath;C:\Windows\system32;C:\Windows;C:\Windows\System32\Wbem;C:\Windows\System32\WindowsPowerShell\v1.0\;C:\Windows\System32\OpenSSH\;C:\Program Files\Bandizip\;C:\Program Files\Git\cmd;C:\Program Files\nodejs\;C:\ProgramData\chocolatey\bin;C:\Python310\Scripts\;C:\Python310\;C:\Users\LG\AppData\Local\Microsoft\WindowsApps;;C:\Users\LG\AppData\Local\Programs\Microsoft VS Code\bin;C:\Users\LG\AppData\Roaming\npm
USERNAME=LG
OS=Windows_NT
PROCESSOR_IDENTIFIER=Intel64 Family 6 Model 154 Stepping 3, GenuineIntel



---------------  S Y S T E M  ---------------

OS:
 Windows 11 , 64 bit Build 22621 (10.0.22621.3958)
OS uptime: 4 days 22:40 hours

CPU: total 16 (initial active 16) (8 cores per cpu, 2 threads per core) family 6 model 154 stepping 3 microcode 0x421, cx8, cmov, fxsr, ht, mmx, 3dnowpref, sse, sse2, sse3, ssse3, sse4.1, sse4.2, popcnt, lzcnt, tsc, tscinvbit, avx, avx2, aes, erms, clmul, bmi1, bmi2, adx, sha, fma, vzeroupper, clflush, clflushopt, clwb

Memory: 4k page, system-wide physical 16066M (1438M free)
TotalPageFile size 44125M (AvailPageFile size 5M)
current process WorkingSet (physical memory assigned to process): 470M, peak: 484M
current process commit charge ("private bytes"): 531M, peak: 539M

vm_info: Java HotSpot(TM) 64-Bit Server VM (17.0.7+8-LTS-224) for windows-amd64 JRE (17.0.7+8-LTS-224), built on Feb 28 2023 23:03:02 by "mach5one" with MS VC++ 17.1 (VS2022)

END.
