#
# There is insufficient memory for the Java Runtime Environment to continue.
# Native memory allocation (mmap) failed to map 264241152 bytes for G1 virtual space
# Possible reasons:
#   The system is out of physical RAM or swap space
#   The process is running with CompressedOops enabled, and the Java Heap may be blocking the growth of the native heap
# Possible solutions:
#   Reduce memory load on the system
#   Increase physical memory or swap space
#   Check if swap backing store is full
#   Decrease Java heap size (-Xmx/-Xms)
#   Decrease number of Java threads
#   Decrease Java thread stack sizes (-Xss)
#   Set larger code cache with -XX:ReservedCodeCacheSize=
#   JVM is running with Zero Based Compressed Oops mode in which the Java heap is
#     placed in the first 32GB address space. The Java Heap base address is the
#     maximum limit for the native heap growth. Please use -XX:HeapBaseMinAddress
#     to set the Java Heap base and to place the Java Heap above 32GB virtual address.
# This output file may be truncated or incomplete.
#
#  Out of Memory Error (os_windows.cpp:3600), pid=32464, tid=28856
#
# JRE version:  (21.0.4+8) (build )
# Java VM: Java HotSpot(TM) 64-Bit Server VM (21.0.4+8-LTS-274, mixed mode, sharing, tiered, compressed oops, compressed class ptrs, g1 gc, windows-amd64)
# No core dump will be written. Minidumps are not enabled by default on client versions of Windows
#

---------------  S U M M A R Y ------------

Command Line: -javaagent:C:\Program Files\JetBrains\IntelliJ IDEA Community Edition 2024.1.4\lib\idea_rt.jar=62875:C:\Program Files\JetBrains\IntelliJ IDEA Community Edition 2024.1.4\bin -Dfile.encoding=UTF-8 -Dsun.stdout.encoding=UTF-8 -Dsun.stderr.encoding=UTF-8 com.ucamp.movieus.MovieusApplication

Host: 12th Gen Intel(R) Core(TM) i5-1240P, 16 cores, 15G,  Windows 11 , 64 bit Build 22621 (10.0.22621.3958)
Time: Thu Oct 31 16:47:18 2024  Windows 11 , 64 bit Build 22621 (10.0.22621.3958) elapsed time: 0.029363 seconds (0d 0h 0m 0s)

---------------  T H R E A D  ---------------

Current thread (0x0000026ff131b120):  JavaThread "Unknown thread" [_thread_in_vm, id=28856, stack(0x0000008334d00000,0x0000008334e00000) (1024K)]

Stack: [0x0000008334d00000,0x0000008334e00000]
Native frames: (J=compiled Java code, j=interpreted, Vv=VM code, C=native code)
V  [jvm.dll+0x6c8e59]
V  [jvm.dll+0x853181]
V  [jvm.dll+0x8556ae]
V  [jvm.dll+0x855d83]
V  [jvm.dll+0x27d526]
V  [jvm.dll+0x6c55f5]
V  [jvm.dll+0x6ba17a]
V  [jvm.dll+0x352a8a]
V  [jvm.dll+0x35a6e6]
V  [jvm.dll+0x3acdae]
V  [jvm.dll+0x3ad058]
V  [jvm.dll+0x326dec]
V  [jvm.dll+0x32794b]
V  [jvm.dll+0x81c569]
V  [jvm.dll+0x3b9a11]
V  [jvm.dll+0x805948]
V  [jvm.dll+0x44ec5e]
V  [jvm.dll+0x450851]
C  [jli.dll+0x52a3]
C  [ucrtbase.dll+0x29333]
C  [KERNEL32.DLL+0x1257d]
C  [ntdll.dll+0x5af28]


---------------  P R O C E S S  ---------------

Threads class SMR info:
_java_thread_list=0x00007fff3c7d6c08, length=0, elements={
}

Java Threads: ( => current thread )
Total: 0

Other Threads:
  0x0000026ff351cd90 WorkerThread "GC Thread#0"                     [id=23644, stack(0x0000008334e00000,0x0000008334f00000) (1024K)]
  0x0000026ff352d900 ConcurrentGCThread "G1 Main Marker"            [id=18040, stack(0x0000008334f00000,0x0000008335000000) (1024K)]
  0x0000026ff352e5b0 WorkerThread "G1 Conc#0"                       [id=22996, stack(0x0000008335000000,0x0000008335100000) (1024K)]

[error occurred during error reporting (printing all threads), id 0xc0000005, EXCEPTION_ACCESS_VIOLATION (0xc0000005) at pc=0x00007fff3bf49577]
VM state: not at safepoint (not fully initialized)

VM Mutex/Monitor currently owned by a thread:  ([mutex/lock_event])
[0x00007fff3c847f98] Heap_lock - owner thread: 0x0000026ff131b120

Heap address: 0x0000000704e00000, size: 4018 MB, Compressed Oops mode: Zero based, Oop shift amount: 3

CDS archive(s) mapped at: [0x0000000000000000-0x0000000000000000-0x0000000000000000), size 0, SharedBaseAddress: 0x0000000800000000, ArchiveRelocationMode: 1.
Narrow klass base: 0x0000000000000000, Narrow klass shift: 0, Narrow klass range: 0x0

GC Precious Log:
 CardTable entry size: 512
 Card Set container configuration: InlinePtr #cards 4 size 8 Array Of Cards #cards 16 size 48 Howl #buckets 8 coarsen threshold 3686 Howl Bitmap #cards 512 size 80 coarsen threshold 460 Card regions per heap region 1 cards per card region 4096

Heap:
 garbage-first heap   total 0K, used 0K [0x0000000704e00000, 0x0000000800000000)
  region size 2048K, 0 young (0K), 0 survivors (0K)

[error occurred during error reporting (printing heap information), id 0xc0000005, EXCEPTION_ACCESS_VIOLATION (0xc0000005) at pc=0x00007fff3c331df9]
GC Heap History (0 events):
No events

Dll operation events (1 events):
Event: 0.022 Loaded shared library C:\Program Files\Java\jdk-21\bin\java.dll

Deoptimization events (0 events):
No events

Classes loaded (0 events):
No events

Classes unloaded (0 events):
No events

Classes redefined (0 events):
No events

Internal exceptions (0 events):
No events

ZGC Phase Switch (0 events):
No events

VM Operations (0 events):
No events

Events (0 events):
No events


Dynamic libraries:
0x00007ff738e40000 - 0x00007ff738e50000 	C:\Program Files\Java\jdk-21\bin\java.exe
0x00007fffdeb50000 - 0x00007fffded67000 	C:\Windows\SYSTEM32\ntdll.dll
0x00007fffdcd70000 - 0x00007fffdce34000 	C:\Windows\System32\KERNEL32.DLL
0x00007fffdc430000 - 0x00007fffdc7dd000 	C:\Windows\System32\KERNELBASE.dll
0x00007fffdc270000 - 0x00007fffdc381000 	C:\Windows\System32\ucrtbase.dll
0x00007fffcd670000 - 0x00007fffcd68b000 	C:\Program Files\Java\jdk-21\bin\VCRUNTIME140.dll
0x00007fffcd740000 - 0x00007fffcd759000 	C:\Program Files\Java\jdk-21\bin\jli.dll
0x00007fffdc8e0000 - 0x00007fffdc992000 	C:\Windows\System32\ADVAPI32.dll
0x00007fffddf20000 - 0x00007fffddfc7000 	C:\Windows\System32\msvcrt.dll
0x00007fffde880000 - 0x00007fffde929000 	C:\Windows\System32\sechost.dll
0x00007fffdc400000 - 0x00007fffdc428000 	C:\Windows\System32\bcrypt.dll
0x00007fffdd160000 - 0x00007fffdd274000 	C:\Windows\System32\RPCRT4.dll
0x00007fffdcea0000 - 0x00007fffdd04e000 	C:\Windows\System32\USER32.dll
0x00007fffdc120000 - 0x00007fffdc146000 	C:\Windows\System32\win32u.dll
0x00007fffde850000 - 0x00007fffde879000 	C:\Windows\System32\GDI32.dll
0x00007fffdc150000 - 0x00007fffdc269000 	C:\Windows\System32\gdi32full.dll
0x00007fffdc7e0000 - 0x00007fffdc87a000 	C:\Windows\System32\msvcp_win.dll
0x00007fffbf820000 - 0x00007fffbfab3000 	C:\Windows\WinSxS\amd64_microsoft.windows.common-controls_6595b64144ccf1df_6.0.22621.3672_none_2713b9d173822955\COMCTL32.dll
0x00007fffccc50000 - 0x00007fffccc5a000 	C:\Windows\SYSTEM32\VERSION.dll
0x00007fffdcc50000 - 0x00007fffdcc81000 	C:\Windows\System32\IMM32.DLL
0x00007fffd5c10000 - 0x00007fffd5c1c000 	C:\Program Files\Java\jdk-21\bin\vcruntime140_1.dll
0x00007fffc5410000 - 0x00007fffc549e000 	C:\Program Files\Java\jdk-21\bin\msvcp140.dll
0x00007fff3bc10000 - 0x00007fff3c923000 	C:\Program Files\Java\jdk-21\bin\server\jvm.dll
0x00007fffdcbd0000 - 0x00007fffdcc41000 	C:\Windows\System32\WS2_32.dll
0x00007fffdbc90000 - 0x00007fffdbcdd000 	C:\Windows\SYSTEM32\POWRPROF.dll
0x00007fffd2250000 - 0x00007fffd2284000 	C:\Windows\SYSTEM32\WINMM.dll
0x00007fffdbb70000 - 0x00007fffdbb83000 	C:\Windows\SYSTEM32\UMPDC.dll
0x00007fffdaec0000 - 0x00007fffdaed8000 	C:\Windows\SYSTEM32\kernel.appcore.dll
0x00007fffcf510000 - 0x00007fffcf51a000 	C:\Program Files\Java\jdk-21\bin\jimage.dll
0x00007fffd9680000 - 0x00007fffd98b2000 	C:\Windows\SYSTEM32\DBGHELP.DLL
0x00007fffdda80000 - 0x00007fffdde0e000 	C:\Windows\System32\combase.dll
0x00007fffdcc90000 - 0x00007fffdcd67000 	C:\Windows\System32\OLEAUT32.dll
0x00007fffd8720000 - 0x00007fffd8752000 	C:\Windows\SYSTEM32\dbgcore.DLL
0x00007fffdbe70000 - 0x00007fffdbeeb000 	C:\Windows\System32\bcryptPrimitives.dll
0x00007fffc5370000 - 0x00007fffc537f000 	C:\Program Files\Java\jdk-21\bin\instrument.dll
0x00007fffcd080000 - 0x00007fffcd09f000 	C:\Program Files\Java\jdk-21\bin\java.dll

dbghelp: loaded successfully - version: 4.0.5 - missing functions: none
symbol engine: initialized successfully - sym options: 0x614 - pdb path: .;C:\Program Files\Java\jdk-21\bin;C:\Windows\SYSTEM32;C:\Windows\WinSxS\amd64_microsoft.windows.common-controls_6595b64144ccf1df_6.0.22621.3672_none_2713b9d173822955;C:\Program Files\Java\jdk-21\bin\server

VM Arguments:
jvm_args: -javaagent:C:\Program Files\JetBrains\IntelliJ IDEA Community Edition 2024.1.4\lib\idea_rt.jar=62875:C:\Program Files\JetBrains\IntelliJ IDEA Community Edition 2024.1.4\bin -Dfile.encoding=UTF-8 -Dsun.stdout.encoding=UTF-8 -Dsun.stderr.encoding=UTF-8 
java_command: com.ucamp.movieus.MovieusApplication
java_class_path (initial): C:\sts3.9-bundle\SpringBoot\move-us-project\backend\target\classes;C:\Users\LG\.m2\repository\org\springframework\boot\spring-boot-starter-mail\3.3.5\spring-boot-starter-mail-3.3.5.jar;C:\Users\LG\.m2\repository\org\springframework\boot\spring-boot-starter\3.3.5\spring-boot-starter-3.3.5.jar;C:\Users\LG\.m2\repository\org\springframework\boot\spring-boot-starter-logging\3.3.5\spring-boot-starter-logging-3.3.5.jar;C:\Users\LG\.m2\repository\ch\qos\logback\logback-classic\1.5.11\logback-classic-1.5.11.jar;C:\Users\LG\.m2\repository\ch\qos\logback\logback-core\1.5.11\logback-core-1.5.11.jar;C:\Users\LG\.m2\repository\org\apache\logging\log4j\log4j-to-slf4j\2.23.1\log4j-to-slf4j-2.23.1.jar;C:\Users\LG\.m2\repository\org\apache\logging\log4j\log4j-api\2.23.1\log4j-api-2.23.1.jar;C:\Users\LG\.m2\repository\org\slf4j\jul-to-slf4j\2.0.16\jul-to-slf4j-2.0.16.jar;C:\Users\LG\.m2\repository\jakarta\annotation\jakarta.annotation-api\2.1.1\jakarta.annotation-api-2.1.1.jar;C:\Users\LG\.m2\repository\org\yaml\snakeyaml\2.2\snakeyaml-2.2.jar;C:\Users\LG\.m2\repository\org\springframework\spring-context-support\6.1.14\spring-context-support-6.1.14.jar;C:\Users\LG\.m2\repository\org\eclipse\angus\jakarta.mail\2.0.3\jakarta.mail-2.0.3.jar;C:\Users\LG\.m2\repository\jakarta\activation\jakarta.activation-api\2.1.3\jakarta.activation-api-2.1.3.jar;C:\Users\LG\.m2\repository\org\eclipse\angus\angus-activation\2.0.2\angus-activation-2.0.2.jar;C:\Users\LG\.m2\repository\org\springframework\boot\spring-boot-starter-actuator\3.3.5\spring-boot-starter-actuator-3.3.5.jar;C:\Users\LG\.m2\repository\org\springframework\boot\spring-boot-actuator-autoconfigure\3.3.5\spring-boot-actuator-autoconfigure-3.3.5.jar;C:\Users\LG\.m2\repository\org\springframework\boot\spring-boot-actuator\3.3.5\spring-boot-actuator-3.3.5.jar;C:\Users\LG\.m2\repository\com\fasterxml\jackson\core\jackson-databind\2.17.2\jackson-databind-2.17.2.jar;C:\Users\LG\.m2\repository\com\fasterxml\jackson\core\jackson-annotations\2.17.2\jackson-annotations-2.17.2.jar;C:\Users\LG\.m2\repository\com\fasterxml\jackson\core\jackson-core\2.17.2\jackson-core-2.17.2.jar;C:\Users\LG\.m2\repository\com\fasterxml\jackson\datatype\jackson-datatype-jsr310\2.17.2\jackson-datatype-jsr310-2.17.2.jar;C:\Users\LG\.m2\repository\io\micrometer\micrometer-observation\1.13.6\micrometer-observation-1.13.6.jar;C:\Users\LG\.m2\repository\io\micrometer\micrometer-commons\1.13.6\micrometer-commons-1.13.6.jar;C:\Users\LG\.m2\repository\io\micrometer\micrometer-jakarta9\1.13.6\micrometer-jakarta9-1.13.6.jar;C:\Users\LG\.m2\repository\io\micrometer\micrometer-core\1.13.6\micrometer-core-1.13.6.jar;C:\Users\LG\.m2\repository\org\hdrhistogram\HdrHistogram\2.2.2\HdrHistogram-2.2.2.jar;C:\Users\LG\.m2\repository\org\latencyutils\LatencyUtils\2.0.3\LatencyUtils-2.0.3.jar;C:\Users\LG\.m2\repository\org\springframework\boot\spring-boot-starter-data-jpa\3.3.5\spring-boot-starter-data-jpa-3.3.5.jar;C:\Users\LG\.m2\repository\org\springframework\boot\spring-boot-starter-aop\3.3.5\spring-boot-starter-aop-3.3.5.jar;C:\Users\LG\.m2\repository\org\aspectj\aspectjweaver\1.9.22.1\aspectjweaver-1.9.22.1.jar;C:\Users\LG\.m2\repository\org\springframework\boot\spring-boot-starter-jdbc\3.3.5\spring-boot-starter-jdbc-3.3.5.jar;C:\Users\LG\.m2\repository\com\zaxxer\HikariCP\5.1.0\HikariCP-5.1.0.jar;C:\Users\LG\.m2\repository\org\springframework\spring-jdbc\6.1.14\spring-jdbc-6.1.14.jar;C:\Users\LG\.m2\repository\org\hibernate\orm\hibernate-core\6.5.3.Final\hibernate-core-6.5.3.Final.jar;C:\Users\LG\.m2\repository\jakarta\persistence\jakarta.persistence-api\3.1.0\jakarta.persistence-api-3.1.0.jar;C:\Users\LG\.m2\repository\jakarta\transaction\jakarta.transaction-api\2.0.1\jakarta.transaction-api-2.0.1.jar;C:\Users\LG\.m2\repository\org\jboss\logging\jboss-logging\3.5.3.Final\jboss-logging-3.5.3.Final.jar;C:\Users\LG\.m2\repository\org\hibernate\common\hibernate-commons-annotations\6.0.6.Final\hibernate-commons-annotations-6.0.6.Final.jar;C:\Users\LG\.m2\repository\io\smallrye\jandex\3.1.2\jandex-3.1.2.jar;C:\Users\LG\.m2\repository\com\fasterxml\classmate\1.7.0\classmate-1.7.0.jar;C:\Users\LG\.m2\repository\net\bytebuddy\byte-buddy\1.14.19\byte-buddy-1.14.19.jar;C:\Users\LG\.m2\repository\org\glassfish\jaxb\jaxb-runtime\4.0.5\jaxb-runtime-4.0.5.jar;C:\Users\LG\.m2\repository\org\glassfish\jaxb\jaxb-core\4.0.5\jaxb-core-4.0.5.jar;C:\Users\LG\.m2\repository\org\glassfish\jaxb\txw2\4.0.5\txw2-4.0.5.jar;C:\Users\LG\.m2\repository\com\sun\istack\istack-commons-runtime\4.1.2\istack-commons-runtime-4.1.2.jar;C:\Users\LG\.m2\repository\jakarta\inject\jakarta.inject-api\2.0.1\jakarta.inject-api-2.0.1.jar;C:\Users\LG\.m2\repository\org\antlr\antlr4-runtime\4.13.0\antlr4-runtime-4.13.0.jar;C:\Users\LG\.m2\repository\org\springframework\data\spring-data-jpa\3.3.5\spring-data-jpa-3.3.5.jar;C:\Users\LG\.m2\repository\org\springframework\data\spring-data-commons\3.3.5\spring-data-commons-3.3.5.jar;C:\Users\LG\.m2\repository\org\springframework\spring-orm\6.1.14\spring-orm-6.1.14.jar;C:\Users\LG\.m2\repository\org\springframework\spring-tx\6.1.14\spring-tx-6.1.14.jar;C:\Users\LG\.m2\repository\org\slf4j\slf4j-api\2.0.16\slf4j-api-2.0.16.jar;C:\Users\LG\.m2\repository\org\springframework\spring-aspects\6.1.14\spring-aspects-6.1.14.jar;C:\Users\LG\.m2\repository\org\springframework\boot\spring-boot-starter-thymeleaf\3.3.5\spring-boot-starter-thymeleaf-3.3.5.jar;C:\Users\LG\.m2\repository\org\thymeleaf\thymeleaf-spring6\3.1.2.RELEASE\thymeleaf-spring6-3.1.2.RELEASE.jar;C:\Users\LG\.m2\repository\org\thymeleaf\thymeleaf\3.1.2.RELEASE\thymeleaf-3.1.2.RELEASE.jar;C:\Users\LG\.m2\repository\org\attoparser\attoparser\2.0.7.RELEASE\attoparser-2.0.7.RELEASE.jar;C:\Users\LG\.m2\repository\org\unbescape\unbescape\1.1.6.RELEASE\unbescape-1.1.6.RELEASE.jar;C:\Users\LG\.m2\repository\org\springframework\boot\spring-boot-starter-validation\3.3.5\spring-boot-starter-validation-3.3.5.jar;C:\Users\LG\.m2\repository\org\apache\tomcat\embed\tomcat-embed-el\10.1.31\tomcat-embed-el-10.1.31.jar;C:\Users\LG\.m2\repository\org\hibernate\validator\hibernate-validator\8.0.1.Final\hibernate-validator-8.0.1.Final.jar;C:\Users\LG\.m2\repository\jakarta\validation\jakarta.validation-api\3.0.2\jakarta.validation-api-3.0.2.jar;C:\Users\LG\.m2\repository\org\springframework\boot\spring-boot-starter-web\3.3.5\spring-boot-starter-web-3.3.5.jar;C:\Users\LG\.m2\repository\org\springframework\boot\spring-boot-starter-json\3.3.5\spring-boot-starter-json-3.3.5.jar;C:\Users\LG\.m2\repository\com\fasterxml\jackson\datatype\jackson-datatype-jdk8\2.17.2\jackson-datatype-jdk8-2.17.2.jar;C:\Users\LG\.m2\repository\com\fasterxml\jackson\module\jackson-module-parameter-names\2.17.2\jackson-module-parameter-names-2.17.2.jar;C:\Users\LG\.m2\repository\org\springframework\boot\spring-boot-starter-tomcat\3.3.5\spring-boot-starter-tomcat-3.3.5.jar;C:\Users\LG\.m2\repository\org\apache\tomcat\embed\tomcat-embed-core\10.1.31\tomcat-embed-core-10.1.31.jar;C:\Users\LG\.m2\repository\org\apache\tomcat\embed\tomcat-embed-websocket\10.1.31\tomcat-embed-websocket-10.1.31.jar;C:\Users\LG\.m2\repository\org\springframework\spring-web\6.1.14\spring-web-6.1.14.jar;C:\Users\LG\.m2\repository\org\springframework\spring-webmvc\6.1.14\spring-webmvc-6.1.14.jar;C:\Users\LG\.m2\repository\de\codecentric\spring-boot-admin-starter-client\3.3.4\spring-boot-admin-starter-client-3.3.4.jar;C:\Users\LG\.m2\repository\de\codecentric\spring-boot-admin-client\3.3.4\spring-boot-admin-client-3.3.4.jar;C:\Users\LG\.m2\repository\org\springframework\boot\spring-boot-devtools\3.3.5\spring-boot-devtools-3.3.5.jar;C:\Users\LG\.m2\repository\org\springframework\boot\spring-boot\3.3.5\spring-boot-3.3.5.jar;C:\Users\LG\.m2\repository\org\springframework\boot\spring-boot-autoconfigure\3.3.5\spring-boot-autoconfigure-3.3.5.jar;C:\Users\LG\.m2\repository\com\h2database\h2\2.2.224\h2-2.2.224.jar;C:\Users\LG\.m2\repository\com\mysql\mysql-connector-j\8.3.0\mysql-connector-j-8.3.0.jar;C:\Users\LG\.m2\repository\org\springframework\boot\spring-boot-configuration-processor\3.3.5\spring-boot-configuration-processor-3.3.5.jar;C:\Users\LG\.m2\repository\org\projectlombok\lombok\1.18.34\lombok-1.18.34.jar;C:\Users\LG\.m2\repository\jakarta\xml\bind\jakarta.xml.bind-api\4.0.2\jakarta.xml.bind-api-4.0.2.jar;C:\Users\LG\.m2\repository\org\springframework\spring-core\6.1.14\spring-core-6.1.14.jar;C:\Users\LG\.m2\repository\org\springframework\spring-jcl\6.1.14\spring-jcl-6.1.14.jar;C:\Users\LG\.m2\repository\org\modelmapper\modelmapper\3.0.0\modelmapper-3.0.0.jar;C:\Users\LG\.m2\repository\org\springframework\security\spring-security-core\6.3.4\spring-security-core-6.3.4.jar;C:\Users\LG\.m2\repository\org\springframework\security\spring-security-crypto\6.3.4\spring-security-crypto-6.3.4.jar;C:\Users\LG\.m2\repository\org\springframework\spring-aop\6.1.14\spring-aop-6.1.14.jar;C:\Users\LG\.m2\repository\org\springframework\spring-beans\6.1.14\spring-beans-6.1.14.jar;C:\Users\LG\.m2\repository\org\springframework\spring-context\6.1.14\spring-context-6.1.14.jar;C:\Users\LG\.m2\repository\org\springframework\spring-expression\6.1.14\spring-expression-6.1.14.jar
Launcher Type: SUN_STANDARD

[Global flags]
     intx CICompilerCount                          = 12                                        {product} {ergonomic}
     uint ConcGCThreads                            = 3                                         {product} {ergonomic}
     uint G1ConcRefinementThreads                  = 13                                        {product} {ergonomic}
   size_t G1HeapRegionSize                         = 2097152                                   {product} {ergonomic}
    uintx GCDrainStackTargetSize                   = 64                                        {product} {ergonomic}
   size_t InitialHeapSize                          = 264241152                                 {product} {ergonomic}
   size_t MarkStackSize                            = 4194304                                   {product} {ergonomic}
   size_t MaxHeapSize                              = 4213178368                                {product} {ergonomic}
   size_t MinHeapDeltaBytes                        = 2097152                                   {product} {ergonomic}
   size_t MinHeapSize                              = 8388608                                   {product} {ergonomic}
    uintx NonNMethodCodeHeapSize                   = 7602480                                {pd product} {ergonomic}
    uintx NonProfiledCodeHeapSize                  = 122027880                              {pd product} {ergonomic}
    uintx ProfiledCodeHeapSize                     = 122027880                              {pd product} {ergonomic}
    uintx ReservedCodeCacheSize                    = 251658240                              {pd product} {ergonomic}
     bool SegmentedCodeCache                       = true                                      {product} {ergonomic}
   size_t SoftMaxHeapSize                          = 4213178368                             {manageable} {ergonomic}
     bool UseCompressedOops                        = true                           {product lp64_product} {ergonomic}
     bool UseG1GC                                  = true                                      {product} {ergonomic}
     bool UseLargePagesIndividualAllocation        = false                                  {pd product} {ergonomic}

Logging:
Log output configuration:
 #0: stdout all=warning uptime,level,tags foldmultilines=false
 #1: stderr all=off uptime,level,tags foldmultilines=false

Environment Variables:
JAVA_HOME=C:\Program Files\Java\jdk-21
PATH=C:\Python312\Scripts\;C:\Python312\;C:\Program Files\MariaDB 10.11\bin;C:\oraclexe\app\oracle\product\11.2.0\server\bin;C:\Program Files\Java\jdk-21\bin;C:\Program Files\Common Files\Oracle\Java\javapath;C:\Windows\system32;C:\Windows;C:\Windows\System32\Wbem;C:\Windows\System32\WindowsPowerShell\v1.0\;C:\Windows\System32\OpenSSH\;C:\Program Files\Bandizip\;C:\Program Files\Git\cmd;C:\Program Files\nodejs\;C:\ProgramData\chocolatey\bin;C:\Python310\Scripts\;C:\Python310\;C:\Users\LG\AppData\Local\Microsoft\WindowsApps;;C:\Users\LG\AppData\Local\Programs\Microsoft VS Code\bin;C:\Users\LG\AppData\Roaming\npm
USERNAME=LG
OS=Windows_NT
PROCESSOR_IDENTIFIER=Intel64 Family 6 Model 154 Stepping 3, GenuineIntel
TMP=C:\Users\LG\AppData\Local\Temp
TEMP=C:\Users\LG\AppData\Local\Temp




Periodic native trim disabled

---------------  S Y S T E M  ---------------

OS:
 Windows 11 , 64 bit Build 22621 (10.0.22621.3958)
OS uptime: 6 days 6:47 hours

CPU: total 16 (initial active 16) (8 cores per cpu, 2 threads per core) family 6 model 154 stepping 3 microcode 0x421, cx8, cmov, fxsr, ht, mmx, 3dnowpref, sse, sse2, sse3, ssse3, sse4.1, sse4.2, popcnt, lzcnt, tsc, tscinvbit, avx, avx2, aes, erms, clmul, bmi1, bmi2, adx, sha, fma, vzeroupper, clflush, clflushopt, clwb, serialize, rdtscp, rdpid, fsrm, f16c, pku, cet_ibt, cet_ss
Processor Information for all 16 processors :
  Max Mhz: 1700, Current Mhz: 1700, Mhz Limit: 1700

Memory: 4k page, system-wide physical 16066M (1252M free)
TotalPageFile size 44125M (AvailPageFile size 64M)
current process WorkingSet (physical memory assigned to process): 11M, peak: 11M
current process commit charge ("private bytes"): 71M, peak: 323M

vm_info: Java HotSpot(TM) 64-Bit Server VM (21.0.4+8-LTS-274) for windows-amd64 JRE (21.0.4+8-LTS-274), built on 2024-06-05T05:23:33Z by "mach5one" with MS VC++ 17.6 (VS2022)

END.
